{"/home/virginia/Documentos/React/first-steps-react/src/FirstStepsApp.tsx": {"path":"/home/virginia/Documentos/React/first-steps-react/src/FirstStepsApp.tsx","statementMap":{"0":{"start":{"line":8,"column":34},"end":{"line":12,"column":null}},"1":{"start":{"line":16,"column":2},"end":{"line":34,"column":39}},"2":{"start":{"line":33,"column":47},"end":{"line":34,"column":39}}},"fnMap":{"0":{"name":"FirstStepApp","decl":{"start":{"line":15,"column":16},"end":{"line":15,"column":null}},"loc":{"start":{"line":15,"column":16},"end":{"line":38,"column":null}},"line":15},"1":{"name":"(anonymous_1)","decl":{"start":{"line":33,"column":23},"end":{"line":33,"column":24}},"loc":{"start":{"line":33,"column":47},"end":{"line":34,"column":39}},"line":33}},"branchMap":{},"s":{"0":1,"1":3,"2":9},"f":{"0":3,"1":9},"b":{},"meta":{"lastBranch":0,"lastFunction":2,"lastStatement":3,"seen":{"s:8:34:12:Infinity":0,"f:15:16:15:Infinity":0,"s:16:2:34:39":1,"f:33:23:33:24":1,"s:33:47:34:39":2}}}
,"/home/virginia/Documentos/React/first-steps-react/src/MyAwesomeApp.tsx": {"path":"/home/virginia/Documentos/React/first-steps-react/src/MyAwesomeApp.tsx","statementMap":{"0":{"start":{"line":47,"column":18},"end":{"line":47,"column":null}},"1":{"start":{"line":48,"column":17},"end":{"line":48,"column":null}},"2":{"start":{"line":50,"column":22},"end":{"line":50,"column":null}},"3":{"start":{"line":52,"column":17},"end":{"line":52,"column":null}},"4":{"start":{"line":54,"column":16},"end":{"line":57,"column":null}},"5":{"start":{"line":59,"column":32},"end":{"line":64,"column":null}},"6":{"start":{"line":67,"column":28},"end":{"line":83,"column":null}},"7":{"start":{"line":68,"column":2},"end":{"line":79,"column":null}}},"fnMap":{"0":{"name":"(anonymous_0)","decl":{"start":{"line":67,"column":28},"end":{"line":67,"column":null}},"loc":{"start":{"line":67,"column":28},"end":{"line":83,"column":null}},"line":67}},"branchMap":{"0":{"loc":{"start":{"line":77,"column":13},"end":{"line":77,"column":null}},"type":"cond-expr","locations":[{"start":{"line":77,"column":24},"end":{"line":77,"column":35}},{"start":{"line":77,"column":35},"end":{"line":77,"column":null}}],"line":77}},"s":{"0":1,"1":1,"2":1,"3":1,"4":1,"5":1,"6":1,"7":4},"f":{"0":4},"b":{"0":[4,0]},"meta":{"lastBranch":1,"lastFunction":1,"lastStatement":8,"seen":{"s:47:18:47:Infinity":0,"s:48:17:48:Infinity":1,"s:50:22:50:Infinity":2,"s:52:17:52:Infinity":3,"s:54:16:57:Infinity":4,"s:59:32:64:Infinity":5,"s:67:28:83:Infinity":6,"f:67:28:67:Infinity":0,"s:68:2:79:Infinity":7,"b:77:24:77:35:77:35:77:Infinity":0}}}
,"/home/virginia/Documentos/React/first-steps-react/src/helpers/math.helper.ts": {"path":"/home/virginia/Documentos/React/first-steps-react/src/helpers/math.helper.ts","statementMap":{"0":{"start":{"line":1,"column":19},"end":{"line":3,"column":null}},"1":{"start":{"line":2,"column":4},"end":{"line":2,"column":null}},"2":{"start":{"line":5,"column":24},"end":{"line":7,"column":null}},"3":{"start":{"line":6,"column":4},"end":{"line":6,"column":null}},"4":{"start":{"line":9,"column":24},"end":{"line":11,"column":null}},"5":{"start":{"line":10,"column":4},"end":{"line":10,"column":null}},"6":{"start":{"line":13,"column":22},"end":{"line":15,"column":null}},"7":{"start":{"line":14,"column":4},"end":{"line":14,"column":null}}},"fnMap":{"0":{"name":"(anonymous_0)","decl":{"start":{"line":1,"column":19},"end":{"line":1,"column":20}},"loc":{"start":{"line":1,"column":31},"end":{"line":3,"column":null}},"line":1},"1":{"name":"(anonymous_1)","decl":{"start":{"line":5,"column":24},"end":{"line":5,"column":25}},"loc":{"start":{"line":5,"column":36},"end":{"line":7,"column":null}},"line":5},"2":{"name":"(anonymous_2)","decl":{"start":{"line":9,"column":24},"end":{"line":9,"column":25}},"loc":{"start":{"line":9,"column":36},"end":{"line":11,"column":null}},"line":9},"3":{"name":"(anonymous_3)","decl":{"start":{"line":13,"column":22},"end":{"line":13,"column":23}},"loc":{"start":{"line":13,"column":34},"end":{"line":15,"column":null}},"line":13}},"branchMap":{},"s":{"0":1,"1":2,"2":1,"3":2,"4":1,"5":2,"6":1,"7":0},"f":{"0":2,"1":2,"2":2,"3":0},"b":{},"meta":{"lastBranch":0,"lastFunction":4,"lastStatement":8,"seen":{"s:1:19:3:Infinity":0,"f:1:19:1:20":0,"s:2:4:2:Infinity":1,"s:5:24:7:Infinity":2,"f:5:24:5:25":1,"s:6:4:6:Infinity":3,"s:9:24:11:Infinity":4,"f:9:24:9:25":2,"s:10:4:10:Infinity":5,"s:13:22:15:Infinity":6,"f:13:22:13:23":3,"s:14:4:14:Infinity":7}}}
,"/home/virginia/Documentos/React/first-steps-react/src/shopping-cart/ItemCounter.module.css": {"path":"/home/virginia/Documentos/React/first-steps-react/src/shopping-cart/ItemCounter.module.css","statementMap":{},"fnMap":{},"branchMap":{},"s":{},"f":{},"b":{},"meta":{"lastBranch":0,"lastFunction":0,"lastStatement":0,"seen":{}}}
,"/home/virginia/Documentos/React/first-steps-react/src/shopping-cart/ItemCounter.tsx": {"path":"/home/virginia/Documentos/React/first-steps-react/src/shopping-cart/ItemCounter.tsx","statementMap":{"0":{"start":{"line":15,"column":27},"end":{"line":63,"column":null}},"1":{"start":{"line":19,"column":25},"end":{"line":19,"column":null}},"2":{"start":{"line":27,"column":20},"end":{"line":29,"column":null}},"3":{"start":{"line":28,"column":4},"end":{"line":28,"column":null}},"4":{"start":{"line":31,"column":25},"end":{"line":35,"column":null}},"5":{"start":{"line":32,"column":4},"end":{"line":32,"column":null}},"6":{"start":{"line":32,"column":21},"end":{"line":32,"column":null}},"7":{"start":{"line":34,"column":4},"end":{"line":34,"column":null}},"8":{"start":{"line":37,"column":2},"end":{"line":60,"column":null}}},"fnMap":{"0":{"name":"(anonymous_0)","decl":{"start":{"line":15,"column":27},"end":{"line":15,"column":28}},"loc":{"start":{"line":15,"column":57},"end":{"line":63,"column":null}},"line":15},"1":{"name":"(anonymous_1)","decl":{"start":{"line":27,"column":20},"end":{"line":27,"column":null}},"loc":{"start":{"line":27,"column":20},"end":{"line":29,"column":null}},"line":27},"2":{"name":"(anonymous_2)","decl":{"start":{"line":31,"column":25},"end":{"line":31,"column":null}},"loc":{"start":{"line":31,"column":25},"end":{"line":35,"column":null}},"line":31}},"branchMap":{"0":{"loc":{"start":{"line":15,"column":36},"end":{"line":15,"column":48}},"type":"default-arg","locations":[{"start":{"line":15,"column":47},"end":{"line":15,"column":48}}],"line":15},"1":{"loc":{"start":{"line":32,"column":4},"end":{"line":32,"column":null}},"type":"if","locations":[{"start":{"line":32,"column":4},"end":{"line":32,"column":null}},{"start":{},"end":{}}],"line":32},"2":{"loc":{"start":{"line":53,"column":17},"end":{"line":53,"column":null}},"type":"cond-expr","locations":[{"start":{"line":53,"column":31},"end":{"line":53,"column":39}},{"start":{"line":53,"column":39},"end":{"line":53,"column":null}}],"line":53}},"s":{"0":1,"1":9,"2":9,"3":1,"4":9,"5":2,"6":1,"7":1,"8":9},"f":{"0":9,"1":1,"2":2},"b":{"0":[9],"1":[1,1],"2":[4,5]},"meta":{"lastBranch":3,"lastFunction":3,"lastStatement":9,"seen":{"s:15:27:63:Infinity":0,"f:15:27:15:28":0,"b:15:47:15:48":0,"s:19:25:19:Infinity":1,"s:27:20:29:Infinity":2,"f:27:20:27:Infinity":1,"s:28:4:28:Infinity":3,"s:31:25:35:Infinity":4,"f:31:25:31:Infinity":2,"b:32:4:32:Infinity:undefined:undefined:undefined:undefined":1,"s:32:4:32:Infinity":5,"s:32:21:32:Infinity":6,"s:34:4:34:Infinity":7,"s:37:2:60:Infinity":8,"b:53:31:53:39:53:39:53:Infinity":2}}}
}
